Setup: Checking variables and environment
Starting XtreemFS 1748 on slurm...
Preparing configurations for DIR, MRC and OSD*
Starting XtreemFS DIR Server on cumu02-00: DIR ...success
Starting XtreemFS MRC Server on cumu02-00: MRC ...success
Starting XtreemFS OSD Server on cumu02-01: OSD1 ...success
Starting XtreemFS OSD Server on cumu02-02: OSD2 ...success
Starting XtreemFS OSD Server on cumu02-03: OSD3 ...success
Starting XtreemFS OSD Server on cumu02-04: OSD4 ...success
Starting XtreemFS OSD Server on cumu02-05: OSD5 ...success
Trying to create the volume: cumu02-00/volume-1748

Using options:
  Owner:			bzcseibe
  Owning group:			csr
  Mode:				777
  Access Control Policy:	POSIX
  Quota:			0

  Default striping policy:		RAID0
  Default stripe size (object size):	128
  Default stripe width (# OSDs):	1

Successfully created volume "volume-1748" at MRC: cumu02-00/volume-1748
srun -k -N1-1 --nodelist="cumu02-00" /scratch/bzcseibe/git/xtreemfs/cpp/build/mount.xtreemfs  cumu02-00/volume-1748 "/local/bzcseibe/xtreemfs/1748/mnt"
srun -k -N1-1 --nodelist="cumu02-01" /scratch/bzcseibe/git/xtreemfs/cpp/build/mount.xtreemfs  cumu02-00/volume-1748 "/local/bzcseibe/xtreemfs/1748/mnt"
srun -k -N1-1 --nodelist="cumu02-02" /scratch/bzcseibe/git/xtreemfs/cpp/build/mount.xtreemfs  cumu02-00/volume-1748 "/local/bzcseibe/xtreemfs/1748/mnt"
srun -k -N1-1 --nodelist="cumu02-03" /scratch/bzcseibe/git/xtreemfs/cpp/build/mount.xtreemfs  cumu02-00/volume-1748 "/local/bzcseibe/xtreemfs/1748/mnt"
srun -k -N1-1 --nodelist="cumu02-04" /scratch/bzcseibe/git/xtreemfs/cpp/build/mount.xtreemfs  cumu02-00/volume-1748 "/local/bzcseibe/xtreemfs/1748/mnt"
srun -k -N1-1 --nodelist="cumu02-05" /scratch/bzcseibe/git/xtreemfs/cpp/build/mount.xtreemfs  cumu02-00/volume-1748 "/local/bzcseibe/xtreemfs/1748/mnt"
Starting Watchdog for XtreemFS on cumu02-00 ...success
Starting Watchdog for XtreemFS on cumu02-01 ...success
Starting Watchdog for XtreemFS on cumu02-02 ...success
Starting Watchdog for XtreemFS on cumu02-03 ...success
Starting Watchdog for XtreemFS on cumu02-04 ...success
Starting Watchdog for XtreemFS on cumu02-05 ...success
DIR HOST: cumu02-00
MRC HOST: cumu02-00
OSD1 HOST: cumu02-01
OSD2 HOST: cumu02-02
OSD3 HOST: cumu02-03
OSD4 HOST: cumu02-04
OSD5 HOST: cumu02-05
VOLUME: volume-1748
MOUNT PATH: /local/bzcseibe/xtreemfs/1748/mnt
JOB ENV FILE: /home/csr/bzcseibe/xtreemfs-slurm/slurm-1748/job_env.sh
work: /local/bzcseibe/xtreemfs/1748/mnt
python:
/nfs/scratch/bzcseibe/geoms/gms-software2/python_GFZ/python/bin/python

real	0m17.883s
user	0m0.012s
sys	0m0.008s
537M	/local/bzcseibe/xtreemfs/1748/mnt
job configuration file:
{
    "lucas": {
        "product": "lucas",
        "shape": [
            "\"32/32TQU\""
        ],
        "path": "/local/bzcseibe/xtreemfs/1748/mnt/lucasMGRS"
    },
    "samples-path": "None",
    "input": {
        "qa_suffix": "_qa.tif",
        "wavekeys": [
            "480.0",
            "560.0",
            "655.0",
            "865.0",
            "1585.0",
            "2200.0",
            "cfmask"
        ],
        "useledaps": true,
        "shape": [
            "\"32/32TQU\""
        ],
        "stack": "spectral",
        "sr_suffix": "_sr.tif",
        "filter": ".*",
        "align": true,
        "edge_length": "256",
        "path": "/local/bzcseibe/xtreemfs/1748/mnt/landsatXMGRS_ENVI",
        "splits": true
    },
    "parallelism": "1",
    "compositor": {
        "end-date": "2016-12-31",
        "buffer-years": 0,
        "start-date": "2014-01-01"
    },
    "local": false,
    "output": {
        "path": "/scratch/bzcseibe/geoms/satellite_data/gmsdb/cumulus_output"
    }
}
-----BEGIN FLINK CONFIG-----
jobmanager.rpc.address: cumu02-00
jobmanager.heab.mb: 25673
taskmanager.heap.mb: 12836
taskmanager.tmp.dirs: /local/bzcseibe/flink-tmp
taskmanager.numberOfTaskSlots: 16
parallelism.default: 16
-----END FLINK CONFIG---

Starting master on cumu02-00 and slaves on cumu02-01 cumu02-02 cumu02-03 cumu02-04 cumu02-05.
No taskmanager daemon to stop on host cumu02-00.
No taskmanager daemon to stop on host cumu02-00.
No taskmanager daemon to stop on host cumu02-00.
No taskmanager daemon to stop on host cumu02-00.
No taskmanager daemon to stop on host cumu02-00.
No taskmanager daemon to stop on host cumu02-00.
No jobmanager daemon to stop on host cumu02-00.
No jobmanager daemon to stop on host cumu02-00.
No jobmanager daemon to stop on host cumu02-00.
No jobmanager daemon to stop on host cumu02-00.
No jobmanager daemon to stop on host cumu02-00.
No jobmanager daemon to stop on host cumu02-00.
Starting jobmanager daemon on host cumu02-00.
/bin/mkdir: das Verzeichnis »/local/bzcseibe/flink-tmp“ kann nicht angelegt werden: Die Datei existiert bereits
srun: error: cumu02-01: task 0: Exited with exit code 1
Starting taskmanager daemon on host cumu02-00.
/bin/mkdir: das Verzeichnis »/local/bzcseibe/flink-tmp“ kann nicht angelegt werden: Die Datei existiert bereits
srun: error: cumu02-02: task 0: Exited with exit code 1
Starting taskmanager daemon on host cumu02-00.
/bin/mkdir: das Verzeichnis »/local/bzcseibe/flink-tmp“ kann nicht angelegt werden: Die Datei existiert bereits
srun: error: cumu02-03: task 0: Exited with exit code 1
Starting taskmanager daemon on host cumu02-00.
/bin/mkdir: das Verzeichnis »/local/bzcseibe/flink-tmp“ kann nicht angelegt werden: Die Datei existiert bereits
srun: error: cumu02-04: task 0: Exited with exit code 1
Starting taskmanager daemon on host cumu02-00.
/bin/mkdir: das Verzeichnis »/local/bzcseibe/flink-tmp“ kann nicht angelegt werden: Die Datei existiert bereits
srun: error: cumu02-05: task 0: Exited with exit code 1
Starting taskmanager daemon on host cumu02-00.
12/19/2016 18:21:22	Job execution switched to status RUNNING.
12/19/2016 18:21:22	DataSource (CustomSource)(1/1) switched to SCHEDULED 
12/19/2016 18:21:22	DataSource (CustomSource)(1/1) switched to DEPLOYING 
12/19/2016 18:21:22	DataSource (CustomSource)(1/1) switched to SCHEDULED 
12/19/2016 18:21:22	DataSource (CustomSource)(1/1) switched to DEPLOYING 
12/19/2016 18:21:22	DataSource (CustomSource)(1/1) switched to RUNNING 
12/19/2016 18:21:22	DataSource (CustomSource)(1/1) switched to RUNNING 
12/19/2016 18:21:22	CHAIN Join (Join at createDefaultJoin(PythonPlanBinder.java:639)) -> Map (DefaultJoinPostStep)(1/1) switched to SCHEDULED 
12/19/2016 18:21:22	CHAIN Join (Join at createDefaultJoin(PythonPlanBinder.java:639)) -> Map (DefaultJoinPostStep)(1/1) switched to DEPLOYING 
12/19/2016 18:21:22	DataSource (CustomSource)(1/1) switched to FINISHED 
12/19/2016 18:21:22	DataSource (CustomSource)(1/1) switched to FINISHED 
12/19/2016 18:21:22	MapPartition (PythonMap)(1/1) switched to SCHEDULED 
12/19/2016 18:21:22	MapPartition (PythonFlatMap -> PythonMap)(1/1) switched to SCHEDULED 
12/19/2016 18:21:22	MapPartition (PythonMap)(1/1) switched to DEPLOYING 
12/19/2016 18:21:22	MapPartition (PythonFlatMap -> PythonMap)(1/1) switched to DEPLOYING 
12/19/2016 18:21:22	MapPartition (PythonMap)(1/1) switched to RUNNING 
12/19/2016 18:21:22	CHAIN Join (Join at createDefaultJoin(PythonPlanBinder.java:639)) -> Map (DefaultJoinPostStep)(1/1) switched to RUNNING 
12/19/2016 18:21:22	MapPartition (PythonFlatMap -> PythonMap)(1/1) switched to RUNNING 
12/19/2016 18:21:28	MapPartition (PythonMap)(1/1) switched to FINISHED 
12/19/2016 18:21:28	MapPartition (PythonJoin -> PythonFlatMap -> PythonFlatMap)(1/1) switched to SCHEDULED 
12/19/2016 18:21:28	MapPartition (PythonJoin -> PythonFlatMap -> PythonFlatMap)(1/1) switched to DEPLOYING 
12/19/2016 18:21:28	CHAIN Join (Join at createDefaultJoin(PythonPlanBinder.java:639)) -> Map (DefaultJoinPostStep)(1/1) switched to FINISHED 
12/19/2016 18:21:28	MapPartition (PythonJoin -> PythonFlatMap -> PythonFlatMap)(1/1) switched to RUNNING 
12/19/2016 18:21:33	GroupReduce (PythonGroupReducePreStep)(1/1) switched to SCHEDULED 
12/19/2016 18:21:33	GroupReduce (PythonGroupReducePreStep)(1/1) switched to DEPLOYING 
12/19/2016 18:21:33	MapPartition (PythonJoin -> PythonFlatMap -> PythonFlatMap)(1/1) switched to FINISHED 
12/19/2016 18:21:33	GroupReduce (PythonGroupReducePreStep)(1/1) switched to RUNNING 
12/19/2016 18:21:33	MapPartition (PythonGroupReduce)(1/1) switched to SCHEDULED 
12/19/2016 18:21:33	MapPartition (PythonGroupReduce)(1/1) switched to DEPLOYING 
12/19/2016 18:21:33	GroupReduce (PythonGroupReducePreStep)(1/1) switched to FINISHED 
12/19/2016 18:21:33	MapPartition (PythonGroupReduce)(1/1) switched to RUNNING 
12/19/2016 18:21:38	MapPartition (PythonGroupReduce)(1/1) switched to FINISHED 
12/19/2016 18:21:42	GroupReduce (PythonGroupReducePreStep)(1/1) switched to SCHEDULED 
12/19/2016 18:21:42	GroupReduce (PythonGroupReducePreStep)(1/1) switched to DEPLOYING 
12/19/2016 18:21:42	MapPartition (PythonFlatMap -> PythonMap)(1/1) switched to FINISHED 
12/19/2016 18:21:42	GroupReduce (PythonGroupReducePreStep)(1/1) switched to RUNNING 
12/19/2016 18:21:42	CHAIN MapPartition (PythonGroupReduce -> PythonFlatMap) -> Map (PrintSinkPreStep)(1/1) switched to SCHEDULED 
12/19/2016 18:21:42	CHAIN MapPartition (PythonGroupReduce -> PythonFlatMap) -> Map (PrintSinkPreStep)(1/1) switched to DEPLOYING 
12/19/2016 18:21:42	GroupReduce (PythonGroupReducePreStep)(1/1) switched to FINISHED 
12/19/2016 18:21:42	CHAIN MapPartition (PythonGroupReduce -> PythonFlatMap) -> Map (PrintSinkPreStep)(1/1) switched to RUNNING 
12/19/2016 18:21:47	DataSink (Print to System.out)(1/1) switched to SCHEDULED 
12/19/2016 18:21:47	DataSink (Print to System.out)(1/1) switched to DEPLOYING 
12/19/2016 18:21:47	CHAIN MapPartition (PythonGroupReduce -> PythonFlatMap) -> Map (PrintSinkPreStep)(1/1) switched to FINISHED 
12/19/2016 18:21:47	DataSink (Print to System.out)(1/1) switched to RUNNING 
12/19/2016 18:21:47	DataSink (Print to System.out)(1/1) switched to FINISHED 
12/19/2016 18:21:47	Job execution switched to status FINISHED.
/nfs/scratch/bzcseibe/geoms/gms-software2/python_GFZ/python/lib/python3.5/site-packages/sklearn/cross_validation.py:44: DeprecationWarning: This module was deprecated in version 0.18 in favor of the model_selection module into which all the refactored classes and functions are moved. Also note that the interface of the new CV iterators are different from that of this module. This module will be removed in 0.20.
  "This module will be removed in 0.20.", DeprecationWarning)
/nfs/scratch/bzcseibe/geoms/gms-software2/python_GFZ/python/lib/python3.5/site-packages/sklearn/grid_search.py:43: DeprecationWarning: This module was deprecated in version 0.18 in favor of the model_selection module into which all the refactored classes and functions are moved. This module will be removed in 0.20.
  DeprecationWarning)

real	0m42.578s
user	0m9.904s
sys	0m0.820s
Stopping flink cluster...
Stopping taskmanager daemon (pid: 10566) on host cumu02-00.
Stopping taskmanager daemon (pid: 11484) on host cumu02-00.
Stopping taskmanager daemon (pid: 7326) on host cumu02-00.
Stopping taskmanager daemon (pid: 7318) on host cumu02-00.
Stopping taskmanager daemon (pid: 7416) on host cumu02-00.
Stopping jobmanager daemon (pid: 13253) on host cumu02-00.
Setup: Checking variables and environment
Stopping XtreemFS 1748 on slurm...
Stopping Watchdog for XtreemFS on cumu02-00 ...success
Stopping Watchdog for XtreemFS on cumu02-01 ...success
Stopping Watchdog for XtreemFS on cumu02-02 ...success
Stopping Watchdog for XtreemFS on cumu02-03 ...success
Stopping Watchdog for XtreemFS on cumu02-04 ...success
Stopping Watchdog for XtreemFS on cumu02-05 ...success
Trying to delete the volume: cumu02-00/volume-1748
Successfully deleted the volume "volume-1748" at MRC: cumu02-00:32636

The disk space on the OSDs, occupied by the objects of the
files of the deleted volume, is not freed yet.
Run the tool 'xtfs_cleanup' to free it.
Saving logs is active
Stopping XtreemFS Process: OSD1 ...success
Stopping XtreemFS Process: OSD2 ...success
Stopping XtreemFS Process: OSD3 ...success
Stopping XtreemFS Process: OSD4 ...success
Stopping XtreemFS Process: OSD5 ...success
Stopping XtreemFS Process: MRC ...success
Stopping XtreemFS Process: DIR ...success
Cleanup job folder incl. mount point
Cleaning... cumu02-00 of JOB: 1748
Cleaning... cumu02-01 of JOB: 1748
Cleaning... cumu02-02 of JOB: 1748
Cleaning... cumu02-03 of JOB: 1748
Cleaning... cumu02-04 of JOB: 1748
Cleaning... cumu02-05 of JOB: 1748
Done.
