Setup: Checking variables and environment
Starting XtreemFS 1755 on slurm...
Preparing configurations for DIR, MRC and OSD*
Starting XtreemFS DIR Server on cumu02-00: DIR ...success
Starting XtreemFS MRC Server on cumu02-00: MRC ...success
Starting XtreemFS OSD Server on cumu02-01: OSD1 ...success
Starting XtreemFS OSD Server on cumu02-02: OSD2 ...success
Starting XtreemFS OSD Server on cumu02-03: OSD3 ...success
Starting XtreemFS OSD Server on cumu02-04: OSD4 ...success
Starting XtreemFS OSD Server on cumu02-05: OSD5 ...success
Trying to create the volume: cumu02-00/volume-1755

Using options:
  Owner:			bzcseibe
  Owning group:			csr
  Mode:				777
  Access Control Policy:	POSIX
  Quota:			0

  Default striping policy:		RAID0
  Default stripe size (object size):	128
  Default stripe width (# OSDs):	1

Successfully created volume "volume-1755" at MRC: cumu02-00/volume-1755
srun -k -N1-1 --nodelist="cumu02-00" /scratch/bzcseibe/git/xtreemfs/cpp/build/mount.xtreemfs  cumu02-00/volume-1755 "/local/bzcseibe/xtreemfs/1755/mnt"
srun -k -N1-1 --nodelist="cumu02-01" /scratch/bzcseibe/git/xtreemfs/cpp/build/mount.xtreemfs  cumu02-00/volume-1755 "/local/bzcseibe/xtreemfs/1755/mnt"
srun -k -N1-1 --nodelist="cumu02-02" /scratch/bzcseibe/git/xtreemfs/cpp/build/mount.xtreemfs  cumu02-00/volume-1755 "/local/bzcseibe/xtreemfs/1755/mnt"
srun -k -N1-1 --nodelist="cumu02-03" /scratch/bzcseibe/git/xtreemfs/cpp/build/mount.xtreemfs  cumu02-00/volume-1755 "/local/bzcseibe/xtreemfs/1755/mnt"
srun -k -N1-1 --nodelist="cumu02-04" /scratch/bzcseibe/git/xtreemfs/cpp/build/mount.xtreemfs  cumu02-00/volume-1755 "/local/bzcseibe/xtreemfs/1755/mnt"
srun -k -N1-1 --nodelist="cumu02-05" /scratch/bzcseibe/git/xtreemfs/cpp/build/mount.xtreemfs  cumu02-00/volume-1755 "/local/bzcseibe/xtreemfs/1755/mnt"
Starting Watchdog for XtreemFS on cumu02-00 ...success
Starting Watchdog for XtreemFS on cumu02-01 ...success
Starting Watchdog for XtreemFS on cumu02-02 ...success
Starting Watchdog for XtreemFS on cumu02-03 ...success
Starting Watchdog for XtreemFS on cumu02-04 ...success
Starting Watchdog for XtreemFS on cumu02-05 ...success
DIR HOST: cumu02-00
MRC HOST: cumu02-00
OSD1 HOST: cumu02-01
OSD2 HOST: cumu02-02
OSD3 HOST: cumu02-03
OSD4 HOST: cumu02-04
OSD5 HOST: cumu02-05
VOLUME: volume-1755
MOUNT PATH: /local/bzcseibe/xtreemfs/1755/mnt
JOB ENV FILE: /home/csr/bzcseibe/xtreemfs-slurm/slurm-1755/job_env.sh
work: /local/bzcseibe/xtreemfs/1755/mnt
python:
/nfs/scratch/bzcseibe/geoms/gms-software2/python_GFZ/python/bin/python

real	9m4.424s
user	0m0.040s
sys	0m0.036s
41G	/local/bzcseibe/xtreemfs/1755/mnt
"32/32UPV 32/32UPE 32/32UPD 32/32UPC"
job configuration file:
{
    "compositor": {
        "start-date": "2014-01-01",
        "end-date": "2016-12-31",
        "buffer-years": 0
    },
    "samples-path": "None",
    "input": {
        "qa_suffix": "_qa.tif",
        "sr_suffix": "_sr.tif",
        "wavekeys": [
            "480.0",
            "560.0",
            "655.0",
            "865.0",
            "1585.0",
            "2200.0",
            "cfmask"
        ],
        "shape": [
            "32/32UPV",
            "32/32UPE",
            "32/32UPD",
            "32/32UPC"
        ],
        "useledaps": true,
        "path": "/local/bzcseibe/xtreemfs/1755/mnt/landsatXMGRS_ENVI",
        "stack": "spectral",
        "splits": true,
        "edge_length": "256",
        "align": true,
        "filter": ".*"
    },
    "parallelism": "1",
    "lucas": {
        "path": "/local/bzcseibe/xtreemfs/1755/mnt/lucasMGRS",
        "shape": [
            "32/32UPV",
            "32/32UPE",
            "32/32UPD",
            "32/32UPC"
        ],
        "product": "lucas"
    },
    "local": false,
    "output": {
        "path": "/scratch/bzcseibe/geoms/satellite_data/gmsdb/cumulus_output"
    }
}
-----BEGIN FLINK CONFIG-----
jobmanager.rpc.address: cumu02-00
jobmanager.heab.mb: 25673
taskmanager.heap.mb: 12836
taskmanager.tmp.dirs: /local/bzcseibe/flink-tmp
taskmanager.numberOfTaskSlots: 16
parallelism.default: 16
-----END FLINK CONFIG---

Starting master on cumu02-00 and slaves on cumu02-01 cumu02-02 cumu02-03 cumu02-04 cumu02-05.
No taskmanager daemon to stop on host cumu02-00.
No taskmanager daemon to stop on host cumu02-00.
No taskmanager daemon to stop on host cumu02-00.
No taskmanager daemon to stop on host cumu02-00.
No taskmanager daemon to stop on host cumu02-00.
No taskmanager daemon to stop on host cumu02-00.
No jobmanager daemon to stop on host cumu02-00.
No jobmanager daemon to stop on host cumu02-00.
No jobmanager daemon to stop on host cumu02-00.
No jobmanager daemon to stop on host cumu02-00.
No jobmanager daemon to stop on host cumu02-00.
No jobmanager daemon to stop on host cumu02-00.
Starting jobmanager daemon on host cumu02-00.
/bin/mkdir: das Verzeichnis »/local/bzcseibe/flink-tmp“ kann nicht angelegt werden: Die Datei existiert bereits
srun: error: cumu02-01: task 0: Exited with exit code 1
Starting taskmanager daemon on host cumu02-00.
/bin/mkdir: das Verzeichnis »/local/bzcseibe/flink-tmp“ kann nicht angelegt werden: Die Datei existiert bereits
srun: error: cumu02-02: task 0: Exited with exit code 1
Starting taskmanager daemon on host cumu02-00.
/bin/mkdir: das Verzeichnis »/local/bzcseibe/flink-tmp“ kann nicht angelegt werden: Die Datei existiert bereits
srun: error: cumu02-03: task 0: Exited with exit code 1
Starting taskmanager daemon on host cumu02-00.
/bin/mkdir: das Verzeichnis »/local/bzcseibe/flink-tmp“ kann nicht angelegt werden: Die Datei existiert bereits
srun: error: cumu02-04: task 0: Exited with exit code 1
Starting taskmanager daemon on host cumu02-00.
/bin/mkdir: das Verzeichnis »/local/bzcseibe/flink-tmp“ kann nicht angelegt werden: Die Datei existiert bereits
srun: error: cumu02-05: task 0: Exited with exit code 1
Starting taskmanager daemon on host cumu02-00.
12/19/2016 22:05:38	Job execution switched to status RUNNING.
12/19/2016 22:05:38	DataSource (CustomSource)(1/1) switched to SCHEDULED 
12/19/2016 22:05:38	DataSource (CustomSource)(1/1) switched to DEPLOYING 
12/19/2016 22:05:38	DataSource (CustomSource)(1/1) switched to SCHEDULED 
12/19/2016 22:05:38	DataSource (CustomSource)(1/1) switched to DEPLOYING 
12/19/2016 22:05:38	DataSource (CustomSource)(1/1) switched to RUNNING 
12/19/2016 22:05:38	DataSource (CustomSource)(1/1) switched to RUNNING 
12/19/2016 22:05:44	CHAIN Join (Join at createDefaultJoin(PythonPlanBinder.java:639)) -> Map (DefaultJoinPostStep)(1/1) switched to SCHEDULED 
12/19/2016 22:05:44	CHAIN Join (Join at createDefaultJoin(PythonPlanBinder.java:639)) -> Map (DefaultJoinPostStep)(1/1) switched to DEPLOYING 
12/19/2016 22:05:44	CHAIN Join (Join at createDefaultJoin(PythonPlanBinder.java:639)) -> Map (DefaultJoinPostStep)(1/1) switched to RUNNING 
12/19/2016 22:05:45	DataSource (CustomSource)(1/1) switched to FINISHED 
12/20/2016 00:53:47	DataSource (CustomSource)(1/1) switched to FINISHED 
12/20/2016 00:53:47	MapPartition (PythonMap)(1/1) switched to SCHEDULED 
12/20/2016 00:53:47	MapPartition (PythonFlatMap -> PythonMap)(1/1) switched to SCHEDULED 
12/20/2016 00:53:47	MapPartition (PythonFlatMap -> PythonMap)(1/1) switched to DEPLOYING 
12/20/2016 00:53:47	MapPartition (PythonMap)(1/1) switched to DEPLOYING 
12/20/2016 00:53:47	MapPartition (PythonFlatMap -> PythonMap)(1/1) switched to RUNNING 
12/20/2016 00:53:47	MapPartition (PythonMap)(1/1) switched to RUNNING 
12/20/2016 00:54:32	MapPartition (PythonJoin -> PythonFlatMap -> PythonFlatMap)(1/1) switched to SCHEDULED 
12/20/2016 00:54:32	MapPartition (PythonJoin -> PythonFlatMap -> PythonFlatMap)(1/1) switched to DEPLOYING 
12/20/2016 00:54:32	MapPartition (PythonJoin -> PythonFlatMap -> PythonFlatMap)(1/1) switched to RUNNING 
12/20/2016 00:56:19	MapPartition (PythonMap)(1/1) switched to FINISHED 
12/20/2016 00:56:19	CHAIN Join (Join at createDefaultJoin(PythonPlanBinder.java:639)) -> Map (DefaultJoinPostStep)(1/1) switched to FINISHED 
12/20/2016 00:56:19	GroupReduce (PythonGroupReducePreStep)(1/1) switched to SCHEDULED 
12/20/2016 00:56:19	GroupReduce (PythonGroupReducePreStep)(1/1) switched to DEPLOYING 
12/20/2016 00:56:19	MapPartition (PythonJoin -> PythonFlatMap -> PythonFlatMap)(1/1) switched to FINISHED 
12/20/2016 00:56:19	GroupReduce (PythonGroupReducePreStep)(1/1) switched to RUNNING 
12/20/2016 00:56:20	MapPartition (PythonGroupReduce)(1/1) switched to SCHEDULED 
12/20/2016 00:56:20	MapPartition (PythonGroupReduce)(1/1) switched to DEPLOYING 
12/20/2016 00:56:20	GroupReduce (PythonGroupReducePreStep)(1/1) switched to FINISHED 
12/20/2016 00:56:20	MapPartition (PythonGroupReduce)(1/1) switched to RUNNING 
12/20/2016 00:56:27	MapPartition (PythonGroupReduce)(1/1) switched to FINISHED 
12/20/2016 01:01:17	GroupReduce (PythonGroupReducePreStep)(1/1) switched to SCHEDULED 
12/20/2016 01:01:17	GroupReduce (PythonGroupReducePreStep)(1/1) switched to DEPLOYING 
12/20/2016 01:01:17	GroupReduce (PythonGroupReducePreStep)(1/1) switched to RUNNING 
12/20/2016 01:01:17	MapPartition (PythonFlatMap -> PythonMap)(1/1) switched to FINISHED 
12/20/2016 01:01:17	CHAIN MapPartition (PythonGroupReduce -> PythonFlatMap) -> Map (PrintSinkPreStep)(1/1) switched to SCHEDULED 
12/20/2016 01:01:17	CHAIN MapPartition (PythonGroupReduce -> PythonFlatMap) -> Map (PrintSinkPreStep)(1/1) switched to DEPLOYING 
12/20/2016 01:01:17	CHAIN MapPartition (PythonGroupReduce -> PythonFlatMap) -> Map (PrintSinkPreStep)(1/1) switched to RUNNING 
12/20/2016 01:01:23	GroupReduce (PythonGroupReducePreStep)(1/1) switched to FINISHED 
12/20/2016 01:01:24	DataSink (Print to System.out)(1/1) switched to SCHEDULED 
12/20/2016 01:01:24	DataSink (Print to System.out)(1/1) switched to DEPLOYING 
12/20/2016 01:01:24	CHAIN MapPartition (PythonGroupReduce -> PythonFlatMap) -> Map (PrintSinkPreStep)(1/1) switched to FINISHED 
12/20/2016 01:01:24	DataSink (Print to System.out)(1/1) switched to RUNNING 
12/20/2016 01:01:24	DataSink (Print to System.out)(1/1) switched to FINISHED 
12/20/2016 01:01:24	Job execution switched to status FINISHED.
/nfs/scratch/bzcseibe/geoms/gms-software2/python_GFZ/python/lib/python3.5/site-packages/sklearn/cross_validation.py:44: DeprecationWarning: This module was deprecated in version 0.18 in favor of the model_selection module into which all the refactored classes and functions are moved. Also note that the interface of the new CV iterators are different from that of this module. This module will be removed in 0.20.
  "This module will be removed in 0.20.", DeprecationWarning)
/nfs/scratch/bzcseibe/geoms/gms-software2/python_GFZ/python/lib/python3.5/site-packages/sklearn/grid_search.py:43: DeprecationWarning: This module was deprecated in version 0.18 in favor of the model_selection module into which all the refactored classes and functions are moved. This module will be removed in 0.20.
  DeprecationWarning)

real	175m56.582s
user	0m39.632s
sys	0m12.056s
Stopping flink cluster...
Stopping taskmanager daemon (pid: 31012) on host cumu02-00.
Stopping taskmanager daemon (pid: 31808) on host cumu02-00.
Stopping taskmanager daemon (pid: 27659) on host cumu02-00.
Stopping taskmanager daemon (pid: 27644) on host cumu02-00.
Stopping taskmanager daemon (pid: 27735) on host cumu02-00.
Stopping jobmanager daemon (pid: 38077) on host cumu02-00.
Setup: Checking variables and environment
Stopping XtreemFS 1755 on slurm...
Stopping Watchdog for XtreemFS on cumu02-00 ...success
Stopping Watchdog for XtreemFS on cumu02-01 ...success
Stopping Watchdog for XtreemFS on cumu02-02 ...success
Stopping Watchdog for XtreemFS on cumu02-03 ...success
Stopping Watchdog for XtreemFS on cumu02-04 ...success
Stopping Watchdog for XtreemFS on cumu02-05 ...success
Trying to delete the volume: cumu02-00/volume-1755
Successfully deleted the volume "volume-1755" at MRC: cumu02-00:32636

The disk space on the OSDs, occupied by the objects of the
files of the deleted volume, is not freed yet.
Run the tool 'xtfs_cleanup' to free it.
Saving logs is active
Stopping XtreemFS Process: OSD1 ...success
Stopping XtreemFS Process: OSD2 ...success
Stopping XtreemFS Process: OSD3 ...success
Stopping XtreemFS Process: OSD4 ...success
Stopping XtreemFS Process: OSD5 ...success
Stopping XtreemFS Process: MRC ...success
Stopping XtreemFS Process: DIR ...success
Cleanup job folder incl. mount point
Cleaning... cumu02-00 of JOB: 1755
Cleaning... cumu02-01 of JOB: 1755
Cleaning... cumu02-02 of JOB: 1755
Cleaning... cumu02-03 of JOB: 1755
Cleaning... cumu02-04 of JOB: 1755
Cleaning... cumu02-05 of JOB: 1755
Done.
