Setup: Checking variables and environment
Starting XtreemFS 1772 on slurm...
Preparing configurations for DIR, MRC and OSD*
Starting XtreemFS DIR Server on cumu01-06: DIR ...success
Starting XtreemFS MRC Server on cumu01-06: MRC ...success
Starting XtreemFS OSD Server on cumu01-07: OSD1 ...success
Starting XtreemFS OSD Server on cumu01-08: OSD2 ...success
Starting XtreemFS OSD Server on cumu01-09: OSD3 ...success
Starting XtreemFS OSD Server on cumu01-10: OSD4 ...success
Starting XtreemFS OSD Server on cumu01-11: OSD5 ...success
Trying to create the volume: cumu01-06/volume-1772

Using options:
  Owner:			bzcseibe
  Owning group:			csr
  Mode:				777
  Access Control Policy:	POSIX
  Quota:			0

  Default striping policy:		RAID0
  Default stripe size (object size):	128
  Default stripe width (# OSDs):	1

Successfully created volume "volume-1772" at MRC: cumu01-06/volume-1772
srun -k -N1-1 --nodelist="cumu01-06" /scratch/bzcseibe/git/xtreemfs/cpp/build/mount.xtreemfs  cumu01-06/volume-1772 "/local/bzcseibe/xtreemfs/1772/mnt"
srun -k -N1-1 --nodelist="cumu01-07" /scratch/bzcseibe/git/xtreemfs/cpp/build/mount.xtreemfs  cumu01-06/volume-1772 "/local/bzcseibe/xtreemfs/1772/mnt"
srun -k -N1-1 --nodelist="cumu01-08" /scratch/bzcseibe/git/xtreemfs/cpp/build/mount.xtreemfs  cumu01-06/volume-1772 "/local/bzcseibe/xtreemfs/1772/mnt"
srun -k -N1-1 --nodelist="cumu01-09" /scratch/bzcseibe/git/xtreemfs/cpp/build/mount.xtreemfs  cumu01-06/volume-1772 "/local/bzcseibe/xtreemfs/1772/mnt"
srun -k -N1-1 --nodelist="cumu01-10" /scratch/bzcseibe/git/xtreemfs/cpp/build/mount.xtreemfs  cumu01-06/volume-1772 "/local/bzcseibe/xtreemfs/1772/mnt"
srun -k -N1-1 --nodelist="cumu01-11" /scratch/bzcseibe/git/xtreemfs/cpp/build/mount.xtreemfs  cumu01-06/volume-1772 "/local/bzcseibe/xtreemfs/1772/mnt"
Starting Watchdog for XtreemFS on cumu01-06 ...success
Starting Watchdog for XtreemFS on cumu01-07 ...success
Starting Watchdog for XtreemFS on cumu01-08 ...success
Starting Watchdog for XtreemFS on cumu01-09 ...success
Starting Watchdog for XtreemFS on cumu01-10 ...success
Starting Watchdog for XtreemFS on cumu01-11 ...success
DIR HOST: cumu01-06
MRC HOST: cumu01-06
OSD1 HOST: cumu01-07
OSD2 HOST: cumu01-08
OSD3 HOST: cumu01-09
OSD4 HOST: cumu01-10
OSD5 HOST: cumu01-11
VOLUME: volume-1772
MOUNT PATH: /local/bzcseibe/xtreemfs/1772/mnt
JOB ENV FILE: /home/csr/bzcseibe/xtreemfs-slurm/slurm-1772/job_env.sh
work: /local/bzcseibe/xtreemfs/1772/mnt
python:
/nfs/scratch/bzcseibe/geoms/gms-software2/python_GFZ/python/bin/python

real	9m12.177s
user	0m0.040s
sys	0m0.036s
41G	/local/bzcseibe/xtreemfs/1772/mnt

-----BEGIN FLINK CONFIG-----
jobmanager.rpc.address: cumu01-06
jobmanager.heab.mb: 25673
taskmanager.heap.mb: 12836
taskmanager.tmp.dirs: /local/bzcseibe/flink-tmp
taskmanager.numberOfTaskSlots: 16
number of nodes: 5
parallelism.default: 80
-----END FLINK CONFIG---

"32/32UPV 32/32UPE 32/32UPD 32/32UPC"
job configuration file:
{
    "input": {
        "align": true,
        "edge_length": "256",
        "filter": ".*",
        "useledaps": true,
        "sr_suffix": "_sr.tif",
        "wavekeys": [
            "480.0",
            "560.0",
            "655.0",
            "865.0",
            "1585.0",
            "2200.0",
            "cfmask"
        ],
        "stack": "spectral",
        "path": "/local/bzcseibe/xtreemfs/1772/mnt/landsatXMGRS_ENVI",
        "splits": true,
        "shape": [
            "32/32UPV",
            "32/32UPE",
            "32/32UPD",
            "32/32UPC"
        ],
        "qa_suffix": "_qa.tif"
    },
    "parallelism": "4",
    "local": false,
    "samples-path": "None",
    "output": {
        "path": "/scratch/bzcseibe/geoms/satellite_data/gmsdb/cumulus_output"
    },
    "lucas": {
        "shape": [
            "32/32UPV",
            "32/32UPE",
            "32/32UPD",
            "32/32UPC"
        ],
        "product": "lucas",
        "path": "/local/bzcseibe/xtreemfs/1772/mnt/lucasMGRS"
    },
    "compositor": {
        "buffer-years": 0,
        "end-date": "2016-12-31",
        "start-date": "2014-01-01"
    }
}Starting master on cumu01-06 and slaves on cumu01-07 cumu01-08 cumu01-09 cumu01-10 cumu01-11.
No taskmanager daemon to stop on host cumu01-06.
No taskmanager daemon to stop on host cumu01-06.
No taskmanager daemon to stop on host cumu01-06.
No taskmanager daemon to stop on host cumu01-06.
No taskmanager daemon to stop on host cumu01-06.
No taskmanager daemon to stop on host cumu01-06.
No jobmanager daemon to stop on host cumu01-06.
No jobmanager daemon to stop on host cumu01-06.
No jobmanager daemon to stop on host cumu01-06.
No jobmanager daemon to stop on host cumu01-06.
No jobmanager daemon to stop on host cumu01-06.
No jobmanager daemon to stop on host cumu01-06.
Starting jobmanager daemon on host cumu01-06.
/bin/mkdir: das Verzeichnis »/local/bzcseibe/flink-tmp“ kann nicht angelegt werden: Die Datei existiert bereits
srun: error: cumu01-07: task 0: Exited with exit code 1
Starting taskmanager daemon on host cumu01-06.
/bin/mkdir: das Verzeichnis »/local/bzcseibe/flink-tmp“ kann nicht angelegt werden: Die Datei existiert bereits
srun: error: cumu01-08: task 0: Exited with exit code 1
Starting taskmanager daemon on host cumu01-06.
/bin/mkdir: das Verzeichnis »/local/bzcseibe/flink-tmp“ kann nicht angelegt werden: Die Datei existiert bereits
srun: error: cumu01-09: task 0: Exited with exit code 1
Starting taskmanager daemon on host cumu01-06.
/bin/mkdir: das Verzeichnis »/local/bzcseibe/flink-tmp“ kann nicht angelegt werden: Die Datei existiert bereits
srun: error: cumu01-10: task 0: Exited with exit code 1
Starting taskmanager daemon on host cumu01-06.
/bin/mkdir: das Verzeichnis »/local/bzcseibe/flink-tmp“ kann nicht angelegt werden: Die Datei existiert bereits
srun: error: cumu01-11: task 0: Exited with exit code 1
Starting taskmanager daemon on host cumu01-06.
12/20/2016 11:28:19	Job execution switched to status RUNNING.
12/20/2016 11:28:19	DataSource (CustomSource)(1/4) switched to SCHEDULED 
12/20/2016 11:28:19	DataSource (CustomSource)(1/4) switched to DEPLOYING 
12/20/2016 11:28:19	DataSource (CustomSource)(2/4) switched to SCHEDULED 
12/20/2016 11:28:19	DataSource (CustomSource)(2/4) switched to DEPLOYING 
12/20/2016 11:28:19	DataSource (CustomSource)(3/4) switched to SCHEDULED 
12/20/2016 11:28:19	DataSource (CustomSource)(3/4) switched to DEPLOYING 
12/20/2016 11:28:19	DataSource (CustomSource)(4/4) switched to SCHEDULED 
12/20/2016 11:28:19	DataSource (CustomSource)(4/4) switched to DEPLOYING 
12/20/2016 11:28:19	DataSource (CustomSource)(1/4) switched to SCHEDULED 
12/20/2016 11:28:19	DataSource (CustomSource)(1/4) switched to DEPLOYING 
12/20/2016 11:28:19	DataSource (CustomSource)(2/4) switched to SCHEDULED 
12/20/2016 11:28:19	DataSource (CustomSource)(2/4) switched to DEPLOYING 
12/20/2016 11:28:19	DataSource (CustomSource)(3/4) switched to SCHEDULED 
12/20/2016 11:28:19	DataSource (CustomSource)(3/4) switched to DEPLOYING 
12/20/2016 11:28:19	DataSource (CustomSource)(4/4) switched to SCHEDULED 
12/20/2016 11:28:19	DataSource (CustomSource)(4/4) switched to DEPLOYING 
12/20/2016 11:28:19	DataSource (CustomSource)(2/4) switched to RUNNING 
12/20/2016 11:28:19	DataSource (CustomSource)(2/4) switched to RUNNING 
12/20/2016 11:28:19	DataSource (CustomSource)(1/4) switched to RUNNING 
12/20/2016 11:28:19	DataSource (CustomSource)(1/4) switched to RUNNING 
12/20/2016 11:28:19	DataSource (CustomSource)(4/4) switched to RUNNING 
12/20/2016 11:28:19	DataSource (CustomSource)(3/4) switched to RUNNING 
12/20/2016 11:28:19	DataSource (CustomSource)(4/4) switched to RUNNING 
12/20/2016 11:28:19	DataSource (CustomSource)(3/4) switched to RUNNING 
12/20/2016 11:28:25	CHAIN Join (Join at createDefaultJoin(PythonPlanBinder.java:639)) -> Map (DefaultJoinPostStep)(3/4) switched to SCHEDULED 
12/20/2016 11:28:25	CHAIN Join (Join at createDefaultJoin(PythonPlanBinder.java:639)) -> Map (DefaultJoinPostStep)(1/4) switched to SCHEDULED 
12/20/2016 11:28:25	CHAIN Join (Join at createDefaultJoin(PythonPlanBinder.java:639)) -> Map (DefaultJoinPostStep)(4/4) switched to SCHEDULED 
12/20/2016 11:28:25	CHAIN Join (Join at createDefaultJoin(PythonPlanBinder.java:639)) -> Map (DefaultJoinPostStep)(2/4) switched to SCHEDULED 
12/20/2016 11:28:25	CHAIN Join (Join at createDefaultJoin(PythonPlanBinder.java:639)) -> Map (DefaultJoinPostStep)(1/4) switched to DEPLOYING 
12/20/2016 11:28:25	CHAIN Join (Join at createDefaultJoin(PythonPlanBinder.java:639)) -> Map (DefaultJoinPostStep)(3/4) switched to DEPLOYING 
12/20/2016 11:28:25	CHAIN Join (Join at createDefaultJoin(PythonPlanBinder.java:639)) -> Map (DefaultJoinPostStep)(2/4) switched to DEPLOYING 
12/20/2016 11:28:25	CHAIN Join (Join at createDefaultJoin(PythonPlanBinder.java:639)) -> Map (DefaultJoinPostStep)(4/4) switched to DEPLOYING 
12/20/2016 11:28:25	CHAIN Join (Join at createDefaultJoin(PythonPlanBinder.java:639)) -> Map (DefaultJoinPostStep)(2/4) switched to RUNNING 
12/20/2016 11:28:25	CHAIN Join (Join at createDefaultJoin(PythonPlanBinder.java:639)) -> Map (DefaultJoinPostStep)(4/4) switched to RUNNING 
12/20/2016 11:28:25	CHAIN Join (Join at createDefaultJoin(PythonPlanBinder.java:639)) -> Map (DefaultJoinPostStep)(3/4) switched to RUNNING 
12/20/2016 11:28:25	CHAIN Join (Join at createDefaultJoin(PythonPlanBinder.java:639)) -> Map (DefaultJoinPostStep)(1/4) switched to RUNNING 
12/20/2016 11:28:25	DataSource (CustomSource)(3/4) switched to FINISHED 
12/20/2016 11:28:25	DataSource (CustomSource)(1/4) switched to FINISHED 
12/20/2016 11:28:25	DataSource (CustomSource)(2/4) switched to FINISHED 
12/20/2016 11:28:25	DataSource (CustomSource)(4/4) switched to FINISHED 
12/20/2016 12:00:27	DataSource (CustomSource)(4/4) switched to FINISHED 
12/20/2016 12:03:23	DataSource (CustomSource)(3/4) switched to FINISHED 
12/20/2016 12:09:04	DataSource (CustomSource)(2/4) switched to FINISHED 
12/20/2016 12:16:28	DataSource (CustomSource)(1/4) switched to FINISHED 
12/20/2016 12:16:28	MapPartition (PythonMap)(1/4) switched to SCHEDULED 
12/20/2016 12:16:28	MapPartition (PythonMap)(1/4) switched to DEPLOYING 
12/20/2016 12:16:28	MapPartition (PythonMap)(2/4) switched to SCHEDULED 
12/20/2016 12:16:28	MapPartition (PythonMap)(3/4) switched to SCHEDULED 
12/20/2016 12:16:28	MapPartition (PythonMap)(2/4) switched to DEPLOYING 
12/20/2016 12:16:28	MapPartition (PythonMap)(4/4) switched to SCHEDULED 
12/20/2016 12:16:28	MapPartition (PythonFlatMap -> PythonMap)(4/4) switched to SCHEDULED 
12/20/2016 12:16:28	MapPartition (PythonFlatMap -> PythonMap)(1/4) switched to SCHEDULED 
12/20/2016 12:16:28	MapPartition (PythonMap)(3/4) switched to DEPLOYING 
12/20/2016 12:16:28	MapPartition (PythonFlatMap -> PythonMap)(1/4) switched to DEPLOYING 
12/20/2016 12:16:28	MapPartition (PythonFlatMap -> PythonMap)(2/4) switched to SCHEDULED 
12/20/2016 12:16:28	MapPartition (PythonFlatMap -> PythonMap)(4/4) switched to DEPLOYING 
12/20/2016 12:16:28	MapPartition (PythonFlatMap -> PythonMap)(3/4) switched to SCHEDULED 
12/20/2016 12:16:28	MapPartition (PythonMap)(4/4) switched to DEPLOYING 
12/20/2016 12:16:28	MapPartition (PythonFlatMap -> PythonMap)(2/4) switched to DEPLOYING 
12/20/2016 12:16:28	MapPartition (PythonMap)(1/4) switched to RUNNING 
12/20/2016 12:16:28	MapPartition (PythonFlatMap -> PythonMap)(3/4) switched to DEPLOYING 
12/20/2016 12:16:28	MapPartition (PythonFlatMap -> PythonMap)(1/4) switched to RUNNING 
12/20/2016 12:16:28	MapPartition (PythonMap)(2/4) switched to RUNNING 
12/20/2016 12:16:28	MapPartition (PythonFlatMap -> PythonMap)(2/4) switched to RUNNING 
12/20/2016 12:16:28	MapPartition (PythonFlatMap -> PythonMap)(4/4) switched to RUNNING 
12/20/2016 12:16:28	MapPartition (PythonMap)(4/4) switched to RUNNING 
12/20/2016 12:16:28	MapPartition (PythonMap)(3/4) switched to RUNNING 
12/20/2016 12:16:28	MapPartition (PythonFlatMap -> PythonMap)(3/4) switched to RUNNING 
12/20/2016 12:16:35	MapPartition (PythonJoin -> PythonFlatMap -> PythonFlatMap)(1/4) switched to SCHEDULED 
12/20/2016 12:16:35	MapPartition (PythonJoin -> PythonFlatMap -> PythonFlatMap)(1/4) switched to DEPLOYING 
12/20/2016 12:16:35	MapPartition (PythonJoin -> PythonFlatMap -> PythonFlatMap)(1/4) switched to RUNNING 
12/20/2016 12:16:35	MapPartition (PythonJoin -> PythonFlatMap -> PythonFlatMap)(3/4) switched to SCHEDULED 
12/20/2016 12:16:35	MapPartition (PythonJoin -> PythonFlatMap -> PythonFlatMap)(3/4) switched to DEPLOYING 
12/20/2016 12:16:35	MapPartition (PythonJoin -> PythonFlatMap -> PythonFlatMap)(3/4) switched to RUNNING 
12/20/2016 12:16:35	MapPartition (PythonJoin -> PythonFlatMap -> PythonFlatMap)(2/4) switched to SCHEDULED 
12/20/2016 12:16:35	MapPartition (PythonJoin -> PythonFlatMap -> PythonFlatMap)(2/4) switched to DEPLOYING 
12/20/2016 12:16:35	MapPartition (PythonJoin -> PythonFlatMap -> PythonFlatMap)(2/4) switched to RUNNING 
12/20/2016 12:16:35	MapPartition (PythonJoin -> PythonFlatMap -> PythonFlatMap)(4/4) switched to SCHEDULED 
12/20/2016 12:16:35	MapPartition (PythonJoin -> PythonFlatMap -> PythonFlatMap)(4/4) switched to DEPLOYING 
12/20/2016 12:16:35	MapPartition (PythonJoin -> PythonFlatMap -> PythonFlatMap)(4/4) switched to RUNNING 
12/20/2016 12:16:59	MapPartition (PythonMap)(2/4) switched to FINISHED 
12/20/2016 12:16:59	CHAIN Join (Join at createDefaultJoin(PythonPlanBinder.java:639)) -> Map (DefaultJoinPostStep)(2/4) switched to FINISHED 
12/20/2016 12:16:59	GroupReduce (PythonGroupReducePreStep)(1/1) switched to SCHEDULED 
12/20/2016 12:16:59	GroupReduce (PythonGroupReducePreStep)(1/1) switched to DEPLOYING 
12/20/2016 12:16:59	MapPartition (PythonJoin -> PythonFlatMap -> PythonFlatMap)(2/4) switched to FINISHED 
12/20/2016 12:16:59	GroupReduce (PythonGroupReducePreStep)(1/1) switched to RUNNING 
12/20/2016 12:16:59	MapPartition (PythonGroupReduce)(1/1) switched to SCHEDULED 
12/20/2016 12:16:59	MapPartition (PythonGroupReduce)(1/1) switched to DEPLOYING 
12/20/2016 12:16:59	MapPartition (PythonGroupReduce)(1/1) switched to RUNNING 
12/20/2016 12:17:01	MapPartition (PythonMap)(3/4) switched to FINISHED 
12/20/2016 12:17:01	CHAIN Join (Join at createDefaultJoin(PythonPlanBinder.java:639)) -> Map (DefaultJoinPostStep)(3/4) switched to FINISHED 
12/20/2016 12:17:01	MapPartition (PythonJoin -> PythonFlatMap -> PythonFlatMap)(3/4) switched to FINISHED 
12/20/2016 12:17:33	MapPartition (PythonMap)(1/4) switched to FINISHED 
12/20/2016 12:17:33	CHAIN Join (Join at createDefaultJoin(PythonPlanBinder.java:639)) -> Map (DefaultJoinPostStep)(1/4) switched to FINISHED 
12/20/2016 12:17:33	MapPartition (PythonJoin -> PythonFlatMap -> PythonFlatMap)(1/4) switched to FINISHED 
12/20/2016 12:17:39	MapPartition (PythonMap)(4/4) switched to FINISHED 
12/20/2016 12:17:39	CHAIN Join (Join at createDefaultJoin(PythonPlanBinder.java:639)) -> Map (DefaultJoinPostStep)(4/4) switched to FINISHED 
12/20/2016 12:17:39	MapPartition (PythonJoin -> PythonFlatMap -> PythonFlatMap)(4/4) switched to FINISHED 
12/20/2016 12:17:39	GroupReduce (PythonGroupReducePreStep)(1/1) switched to FINISHED 
12/20/2016 12:17:41	MapPartition (PythonGroupReduce)(1/1) switched to FINISHED 
12/20/2016 12:18:53	GroupReduce (PythonGroupReducePreStep)(2/4) switched to SCHEDULED 
12/20/2016 12:18:53	GroupReduce (PythonGroupReducePreStep)(4/4) switched to SCHEDULED 
12/20/2016 12:18:53	GroupReduce (PythonGroupReducePreStep)(3/4) switched to SCHEDULED 
12/20/2016 12:18:53	GroupReduce (PythonGroupReducePreStep)(1/4) switched to SCHEDULED 
12/20/2016 12:18:53	GroupReduce (PythonGroupReducePreStep)(4/4) switched to DEPLOYING 
12/20/2016 12:18:53	GroupReduce (PythonGroupReducePreStep)(2/4) switched to DEPLOYING 
12/20/2016 12:18:53	GroupReduce (PythonGroupReducePreStep)(1/4) switched to DEPLOYING 
12/20/2016 12:18:53	GroupReduce (PythonGroupReducePreStep)(3/4) switched to DEPLOYING 
12/20/2016 12:18:53	GroupReduce (PythonGroupReducePreStep)(1/4) switched to RUNNING 
12/20/2016 12:18:53	GroupReduce (PythonGroupReducePreStep)(4/4) switched to RUNNING 
12/20/2016 12:18:53	GroupReduce (PythonGroupReducePreStep)(3/4) switched to RUNNING 
12/20/2016 12:18:53	GroupReduce (PythonGroupReducePreStep)(2/4) switched to RUNNING 
12/20/2016 12:18:53	MapPartition (PythonFlatMap -> PythonMap)(2/4) switched to FINISHED 
12/20/2016 12:18:53	MapPartition (PythonFlatMap -> PythonMap)(4/4) switched to FINISHED 
12/20/2016 12:18:53	MapPartition (PythonFlatMap -> PythonMap)(3/4) switched to FINISHED 
12/20/2016 12:18:57	MapPartition (PythonFlatMap -> PythonMap)(1/4) switched to FINISHED 
12/20/2016 12:18:57	CHAIN MapPartition (PythonGroupReduce -> PythonFlatMap) -> Map (PrintSinkPreStep)(3/4) switched to SCHEDULED 
12/20/2016 12:18:57	CHAIN MapPartition (PythonGroupReduce -> PythonFlatMap) -> Map (PrintSinkPreStep)(1/4) switched to SCHEDULED 
12/20/2016 12:18:57	CHAIN MapPartition (PythonGroupReduce -> PythonFlatMap) -> Map (PrintSinkPreStep)(3/4) switched to DEPLOYING 
12/20/2016 12:18:57	CHAIN MapPartition (PythonGroupReduce -> PythonFlatMap) -> Map (PrintSinkPreStep)(1/4) switched to DEPLOYING 
12/20/2016 12:18:57	CHAIN MapPartition (PythonGroupReduce -> PythonFlatMap) -> Map (PrintSinkPreStep)(2/4) switched to SCHEDULED 
12/20/2016 12:18:57	CHAIN MapPartition (PythonGroupReduce -> PythonFlatMap) -> Map (PrintSinkPreStep)(2/4) switched to DEPLOYING 
12/20/2016 12:18:57	CHAIN MapPartition (PythonGroupReduce -> PythonFlatMap) -> Map (PrintSinkPreStep)(3/4) switched to RUNNING 
12/20/2016 12:18:57	GroupReduce (PythonGroupReducePreStep)(2/4) switched to FINISHED 
12/20/2016 12:18:57	CHAIN MapPartition (PythonGroupReduce -> PythonFlatMap) -> Map (PrintSinkPreStep)(1/4) switched to RUNNING 
12/20/2016 12:18:57	CHAIN MapPartition (PythonGroupReduce -> PythonFlatMap) -> Map (PrintSinkPreStep)(2/4) switched to RUNNING 
12/20/2016 12:18:57	GroupReduce (PythonGroupReducePreStep)(3/4) switched to FINISHED 
12/20/2016 12:18:57	GroupReduce (PythonGroupReducePreStep)(1/4) switched to FINISHED 
12/20/2016 12:18:58	CHAIN MapPartition (PythonGroupReduce -> PythonFlatMap) -> Map (PrintSinkPreStep)(4/4) switched to SCHEDULED 
12/20/2016 12:18:58	CHAIN MapPartition (PythonGroupReduce -> PythonFlatMap) -> Map (PrintSinkPreStep)(4/4) switched to DEPLOYING 
12/20/2016 12:18:58	CHAIN MapPartition (PythonGroupReduce -> PythonFlatMap) -> Map (PrintSinkPreStep)(4/4) switched to RUNNING 
12/20/2016 12:19:03	DataSink (Print to System.out)(2/4) switched to SCHEDULED 
12/20/2016 12:19:03	DataSink (Print to System.out)(2/4) switched to DEPLOYING 
12/20/2016 12:19:03	CHAIN MapPartition (PythonGroupReduce -> PythonFlatMap) -> Map (PrintSinkPreStep)(2/4) switched to FINISHED 
12/20/2016 12:19:03	DataSink (Print to System.out)(2/4) switched to RUNNING 
12/20/2016 12:19:03	DataSink (Print to System.out)(2/4) switched to FINISHED 
12/20/2016 12:19:03	GroupReduce (PythonGroupReducePreStep)(4/4) switched to FINISHED 
12/20/2016 12:19:03	DataSink (Print to System.out)(1/4) switched to SCHEDULED 
12/20/2016 12:19:03	DataSink (Print to System.out)(1/4) switched to DEPLOYING 
12/20/2016 12:19:03	CHAIN MapPartition (PythonGroupReduce -> PythonFlatMap) -> Map (PrintSinkPreStep)(1/4) switched to FINISHED 
12/20/2016 12:19:03	DataSink (Print to System.out)(1/4) switched to RUNNING 
12/20/2016 12:19:03	DataSink (Print to System.out)(1/4) switched to FINISHED 
12/20/2016 12:19:03	DataSink (Print to System.out)(3/4) switched to SCHEDULED 
12/20/2016 12:19:03	DataSink (Print to System.out)(3/4) switched to DEPLOYING 
12/20/2016 12:19:03	CHAIN MapPartition (PythonGroupReduce -> PythonFlatMap) -> Map (PrintSinkPreStep)(3/4) switched to FINISHED 
12/20/2016 12:19:04	DataSink (Print to System.out)(3/4) switched to RUNNING 
12/20/2016 12:19:04	DataSink (Print to System.out)(3/4) switched to FINISHED 
12/20/2016 12:19:04	DataSink (Print to System.out)(4/4) switched to SCHEDULED 
12/20/2016 12:19:04	DataSink (Print to System.out)(4/4) switched to DEPLOYING 
12/20/2016 12:19:04	CHAIN MapPartition (PythonGroupReduce -> PythonFlatMap) -> Map (PrintSinkPreStep)(4/4) switched to FINISHED 
12/20/2016 12:19:04	DataSink (Print to System.out)(4/4) switched to RUNNING 
12/20/2016 12:19:04	DataSink (Print to System.out)(4/4) switched to FINISHED 
12/20/2016 12:19:04	Job execution switched to status FINISHED.
/nfs/scratch/bzcseibe/geoms/gms-software2/python_GFZ/python/lib/python3.5/site-packages/sklearn/cross_validation.py:44: DeprecationWarning: This module was deprecated in version 0.18 in favor of the model_selection module into which all the refactored classes and functions are moved. Also note that the interface of the new CV iterators are different from that of this module. This module will be removed in 0.20.
  "This module will be removed in 0.20.", DeprecationWarning)
/nfs/scratch/bzcseibe/geoms/gms-software2/python_GFZ/python/lib/python3.5/site-packages/sklearn/grid_search.py:43: DeprecationWarning: This module was deprecated in version 0.18 in favor of the model_selection module into which all the refactored classes and functions are moved. This module will be removed in 0.20.
  DeprecationWarning)

real	51m2.805s
user	0m21.040s
sys	0m3.160s
Stopping flink cluster...
Stopping taskmanager daemon (pid: 7586) on host cumu01-06.
Stopping taskmanager daemon (pid: 7537) on host cumu01-06.
Stopping taskmanager daemon (pid: 14109) on host cumu01-06.
Stopping taskmanager daemon (pid: 7847) on host cumu01-06.
Stopping taskmanager daemon (pid: 14039) on host cumu01-06.
Stopping jobmanager daemon (pid: 11500) on host cumu01-06.
Setup: Checking variables and environment
Stopping XtreemFS 1772 on slurm...
Stopping Watchdog for XtreemFS on cumu01-06 ...success
Stopping Watchdog for XtreemFS on cumu01-07 ...success
Stopping Watchdog for XtreemFS on cumu01-08 ...success
Stopping Watchdog for XtreemFS on cumu01-09 ...success
Stopping Watchdog for XtreemFS on cumu01-10 ...success
Stopping Watchdog for XtreemFS on cumu01-11 ...success
Trying to delete the volume: cumu01-06/volume-1772
Successfully deleted the volume "volume-1772" at MRC: cumu01-06:32636

The disk space on the OSDs, occupied by the objects of the
files of the deleted volume, is not freed yet.
Run the tool 'xtfs_cleanup' to free it.
Saving logs is active
Stopping XtreemFS Process: OSD1 ...success
Stopping XtreemFS Process: OSD2 ...success
Stopping XtreemFS Process: OSD3 ...success
Stopping XtreemFS Process: OSD4 ...success
Stopping XtreemFS Process: OSD5 ...success
Stopping XtreemFS Process: MRC ...success
Stopping XtreemFS Process: DIR ...success
Cleanup job folder incl. mount point
Cleaning... cumu01-06 of JOB: 1772
Cleaning... cumu01-07 of JOB: 1772
Cleaning... cumu01-08 of JOB: 1772
Cleaning... cumu01-09 of JOB: 1772
Cleaning... cumu01-10 of JOB: 1772
Cleaning... cumu01-11 of JOB: 1772
Done.
