Setup: Checking variables and environment
Starting XtreemFS 1725 on slurm...
Preparing configurations for DIR, MRC and OSD*
Starting XtreemFS DIR Server on cumu01-09: DIR ...success
Starting XtreemFS MRC Server on cumu01-09: MRC ...success
Starting XtreemFS OSD Server on cumu01-10: OSD1 ...success
Starting XtreemFS OSD Server on cumu01-11: OSD2 ...success
Trying to create the volume: cumu01-09/volume-1725

Using options:
  Owner:			bzcseibe
  Owning group:			csr
  Mode:				777
  Access Control Policy:	POSIX
  Quota:			0

  Default striping policy:		RAID0
  Default stripe size (object size):	128
  Default stripe width (# OSDs):	1

Successfully created volume "volume-1725" at MRC: cumu01-09/volume-1725
srun -k -N1-1 --nodelist="cumu01-09" /scratch/bzcseibe/git/xtreemfs/cpp/build/mount.xtreemfs  cumu01-09/volume-1725 "/local/bzcseibe/xtreemfs/1725/mnt"
srun -k -N1-1 --nodelist="cumu01-10" /scratch/bzcseibe/git/xtreemfs/cpp/build/mount.xtreemfs  cumu01-09/volume-1725 "/local/bzcseibe/xtreemfs/1725/mnt"
srun -k -N1-1 --nodelist="cumu01-11" /scratch/bzcseibe/git/xtreemfs/cpp/build/mount.xtreemfs  cumu01-09/volume-1725 "/local/bzcseibe/xtreemfs/1725/mnt"
Starting Watchdog for XtreemFS on cumu01-09 ...success
Starting Watchdog for XtreemFS on cumu01-10 ...success
Starting Watchdog for XtreemFS on cumu01-11 ...success
DIR HOST: cumu01-09
MRC HOST: cumu01-09
OSD1 HOST: cumu01-10
OSD2 HOST: cumu01-11
VOLUME: volume-1725
MOUNT PATH: /local/bzcseibe/xtreemfs/1725/mnt
JOB ENV FILE: /home/csr/bzcseibe/xtreemfs-slurm/slurm-1725/job_env.sh
work: /local/bzcseibe/xtreemfs/1725/mnt
python:
/nfs/scratch/bzcseibe/geoms/gms-software2/python_GFZ/python/bin/python

real	2m33.456s
user	0m0.016s
sys	0m0.008s
9,9G	/local/bzcseibe/xtreemfs/1725/mnt
9,9G	/local/bzcseibe/xtreemfs/1725/mnt
9,9G	/local/bzcseibe/xtreemfs/1725/mnt
job configuration file:
{
    "samples-path": "None",
    "parallelism": "1",
    "input": {
        "filter": ".*",
        "edge_length": "256",
        "align": true,
        "shape": [
            "32/32UPV"
        ],
        "wavekeys": [
            "480.0",
            "560.0",
            "655.0",
            "865.0",
            "1585.0",
            "2200.0",
            "cfmask"
        ],
        "stack": "spectral",
        "sr_suffix": "_sr.tif",
        "path": "/local/bzcseibe/xtreemfs/1725/mnt/landsatXMGRS_ENVI",
        "splits": true,
        "qa_suffix": "_qa.tif",
        "useledaps": true
    },
    "output": {
        "path": "/scratch/bzcseibe/geoms/satellite_data/gmsdb/cumulus_output"
    },
    "local": false,
    "compositor": {
        "buffer-years": 0,
        "end-date": "2016-12-31",
        "start-date": "2014-01-01"
    },
    "lucas": {
        "path": "/local/bzcseibe/xtreemfs/1725/mnt/lucasMGRS",
        "product": "lucas",
        "shape": [
            "32/32UPV"
        ]
    }
}
-----BEGIN FLINK CONFIG-----
jobmanager.rpc.address: cumu01-09
jobmanager.heab.mb: 25673
taskmanager.heap.mb: 12836
taskmanager.tmp.dirs: /local/bzcseibe/flink-tmp
taskmanager.numberOfTaskSlots: 16
parallelism.default: 16
-----END FLINK CONFIG---

Starting master on cumu01-09 and slaves on cumu01-10 cumu01-11.
No taskmanager daemon to stop on host cumu01-09.
No taskmanager daemon to stop on host cumu01-09.
No taskmanager daemon to stop on host cumu01-09.
No jobmanager daemon to stop on host cumu01-09.
No jobmanager daemon to stop on host cumu01-09.
No jobmanager daemon to stop on host cumu01-09.
Starting jobmanager daemon on host cumu01-09.
/bin/mkdir: das Verzeichnis »/local/bzcseibe/flink-tmp“ kann nicht angelegt werden: Die Datei existiert bereits
srun: error: cumu01-10: task 0: Exited with exit code 1
Starting taskmanager daemon on host cumu01-09.
/bin/mkdir: das Verzeichnis »/local/bzcseibe/flink-tmp“ kann nicht angelegt werden: Die Datei existiert bereits
srun: error: cumu01-11: task 0: Exited with exit code 1
Starting taskmanager daemon on host cumu01-09.
12/19/2016 15:21:11	Job execution switched to status RUNNING.
12/19/2016 15:21:11	DataSource (CustomSource)(1/1) switched to SCHEDULED 
12/19/2016 15:21:11	DataSource (CustomSource)(1/1) switched to DEPLOYING 
12/19/2016 15:21:11	DataSource (CustomSource)(1/1) switched to SCHEDULED 
12/19/2016 15:21:11	DataSource (CustomSource)(1/1) switched to DEPLOYING 
12/19/2016 15:21:11	DataSource (CustomSource)(1/1) switched to RUNNING 
12/19/2016 15:21:11	DataSource (CustomSource)(1/1) switched to RUNNING 
12/19/2016 15:21:17	CHAIN Join (Join at createDefaultJoin(PythonPlanBinder.java:639)) -> Map (DefaultJoinPostStep)(1/1) switched to SCHEDULED 
12/19/2016 15:21:17	CHAIN Join (Join at createDefaultJoin(PythonPlanBinder.java:639)) -> Map (DefaultJoinPostStep)(1/1) switched to DEPLOYING 
12/19/2016 15:21:17	CHAIN Join (Join at createDefaultJoin(PythonPlanBinder.java:639)) -> Map (DefaultJoinPostStep)(1/1) switched to RUNNING 
12/19/2016 15:21:17	DataSource (CustomSource)(1/1) switched to FINISHED 
12/19/2016 15:52:40	DataSource (CustomSource)(1/1) switched to FINISHED 
12/19/2016 15:52:40	MapPartition (PythonMap)(1/1) switched to SCHEDULED 
12/19/2016 15:52:40	MapPartition (PythonFlatMap -> PythonMap)(1/1) switched to SCHEDULED 
12/19/2016 15:52:40	MapPartition (PythonMap)(1/1) switched to DEPLOYING 
12/19/2016 15:52:40	MapPartition (PythonFlatMap -> PythonMap)(1/1) switched to DEPLOYING 
12/19/2016 15:52:40	MapPartition (PythonMap)(1/1) switched to RUNNING 
12/19/2016 15:52:40	MapPartition (PythonFlatMap -> PythonMap)(1/1) switched to RUNNING 
12/19/2016 15:52:46	MapPartition (PythonJoin -> PythonFlatMap -> PythonFlatMap)(1/1) switched to SCHEDULED 
12/19/2016 15:52:46	MapPartition (PythonJoin -> PythonFlatMap -> PythonFlatMap)(1/1) switched to DEPLOYING 
12/19/2016 15:52:46	MapPartition (PythonJoin -> PythonFlatMap -> PythonFlatMap)(1/1) switched to RUNNING 
12/19/2016 15:53:36	MapPartition (PythonMap)(1/1) switched to FINISHED 
12/19/2016 15:53:37	CHAIN Join (Join at createDefaultJoin(PythonPlanBinder.java:639)) -> Map (DefaultJoinPostStep)(1/1) switched to FINISHED 
12/19/2016 15:53:37	GroupReduce (PythonGroupReducePreStep)(1/1) switched to SCHEDULED 
12/19/2016 15:53:37	GroupReduce (PythonGroupReducePreStep)(1/1) switched to DEPLOYING 
12/19/2016 15:53:37	MapPartition (PythonJoin -> PythonFlatMap -> PythonFlatMap)(1/1) switched to FINISHED 
12/19/2016 15:53:37	GroupReduce (PythonGroupReducePreStep)(1/1) switched to RUNNING 
12/19/2016 15:53:37	MapPartition (PythonGroupReduce)(1/1) switched to SCHEDULED 
12/19/2016 15:53:37	MapPartition (PythonGroupReduce)(1/1) switched to DEPLOYING 
12/19/2016 15:53:37	GroupReduce (PythonGroupReducePreStep)(1/1) switched to FINISHED 
12/19/2016 15:53:37	MapPartition (PythonGroupReduce)(1/1) switched to RUNNING 
12/19/2016 15:53:43	MapPartition (PythonGroupReduce)(1/1) switched to FINISHED 
12/19/2016 15:54:53	GroupReduce (PythonGroupReducePreStep)(1/1) switched to SCHEDULED 
12/19/2016 15:54:53	GroupReduce (PythonGroupReducePreStep)(1/1) switched to DEPLOYING 
12/19/2016 15:54:53	GroupReduce (PythonGroupReducePreStep)(1/1) switched to RUNNING 
12/19/2016 15:54:53	MapPartition (PythonFlatMap -> PythonMap)(1/1) switched to FINISHED 
12/19/2016 15:54:53	CHAIN MapPartition (PythonGroupReduce -> PythonFlatMap) -> Map (PrintSinkPreStep)(1/1) switched to SCHEDULED 
12/19/2016 15:54:53	CHAIN MapPartition (PythonGroupReduce -> PythonFlatMap) -> Map (PrintSinkPreStep)(1/1) switched to DEPLOYING 
12/19/2016 15:54:53	CHAIN MapPartition (PythonGroupReduce -> PythonFlatMap) -> Map (PrintSinkPreStep)(1/1) switched to RUNNING 
12/19/2016 15:54:53	GroupReduce (PythonGroupReducePreStep)(1/1) switched to FINISHED 
12/19/2016 15:54:58	DataSink (Print to System.out)(1/1) switched to SCHEDULED 
12/19/2016 15:54:58	DataSink (Print to System.out)(1/1) switched to DEPLOYING 
12/19/2016 15:54:58	CHAIN MapPartition (PythonGroupReduce -> PythonFlatMap) -> Map (PrintSinkPreStep)(1/1) switched to FINISHED 
12/19/2016 15:54:58	DataSink (Print to System.out)(1/1) switched to RUNNING 
12/19/2016 15:54:58	DataSink (Print to System.out)(1/1) switched to FINISHED 
12/19/2016 15:54:58	Job execution switched to status FINISHED.
/nfs/scratch/bzcseibe/geoms/gms-software2/python_GFZ/python/lib/python3.5/site-packages/sklearn/cross_validation.py:44: DeprecationWarning: This module was deprecated in version 0.18 in favor of the model_selection module into which all the refactored classes and functions are moved. Also note that the interface of the new CV iterators are different from that of this module. This module will be removed in 0.20.
  "This module will be removed in 0.20.", DeprecationWarning)
/nfs/scratch/bzcseibe/geoms/gms-software2/python_GFZ/python/lib/python3.5/site-packages/sklearn/grid_search.py:43: DeprecationWarning: This module was deprecated in version 0.18 in favor of the model_selection module into which all the refactored classes and functions are moved. This module will be removed in 0.20.
  DeprecationWarning)

real	33m57.096s
user	0m17.140s
sys	0m2.188s
Stopping flink cluster...
Stopping taskmanager daemon (pid: 24691) on host cumu01-09.
Stopping taskmanager daemon (pid: 25782) on host cumu01-09.
Stopping jobmanager daemon (pid: 40597) on host cumu01-09.
Setup: Checking variables and environment
Stopping XtreemFS 1725 on slurm...
Stopping Watchdog for XtreemFS on cumu01-09 ...success
Stopping Watchdog for XtreemFS on cumu01-10 ...success
Stopping Watchdog for XtreemFS on cumu01-11 ...success
Trying to delete the volume: cumu01-09/volume-1725
Successfully deleted the volume "volume-1725" at MRC: cumu01-09:32636

The disk space on the OSDs, occupied by the objects of the
files of the deleted volume, is not freed yet.
Run the tool 'xtfs_cleanup' to free it.
Saving logs is active
Stopping XtreemFS Process: OSD1 ...success
Stopping XtreemFS Process: OSD2 ...success
Stopping XtreemFS Process: MRC ...success
Stopping XtreemFS Process: DIR ...success
Cleanup job folder incl. mount point
Cleaning... cumu01-09 of JOB: 1725
Cleaning... cumu01-10 of JOB: 1725
Cleaning... cumu01-11 of JOB: 1725
Done.
